<?xml version="1.0" encoding="UTF-8"?>
<!-- Generated by org.testng.reporters.JUnitXMLReporter -->
<testsuite hostname="EF-xueyuan" name="Default test" tests="5" failures="0" timestamp="19 Nov 2014 09:54:23 GMT" time="1.575" errors="0">
  <testcase name="testAddUser" time="0.408" classname="com.mz.service.UserServiceTest"/>
  <testcase name="testCountUser" time="0.015" classname="com.mz.service.UserServiceTest"/>
  <testcase name="testDeleteUser" time="0.022" classname="com.mz.service.UserServiceTest"/>
  <testcase name="testLoginCheck" time="0.018" classname="com.mz.service.UserServiceTest"/>
  <testcase name="testSelectByUsername" time="0.026" classname="com.mz.service.UserServiceTest"/>
</testsuite> <!-- Default test -->
