<?xml version="1.0" encoding="UTF-8"?>
<testng-results skipped="0" failed="0" total="5" passed="5">
  <reporter-output>
  </reporter-output>
  <suite name="Default suite" duration-ms="1575" started-at="2014-11-19T09:54:22Z" finished-at="2014-11-19T09:54:23Z">
    <groups>
      <group name="all-test">
        <method signature="UserServiceTest.testAddUser()[pri:0, instance:com.mz.service.UserServiceTest@2789eebb]" name="testAddUser" class="com.mz.service.UserServiceTest"/>
        <method signature="UserServiceTest.testCountUser()[pri:0, instance:com.mz.service.UserServiceTest@2789eebb]" name="testCountUser" class="com.mz.service.UserServiceTest"/>
        <method signature="UserServiceTest.testDeleteUser()[pri:0, instance:com.mz.service.UserServiceTest@2789eebb]" name="testDeleteUser" class="com.mz.service.UserServiceTest"/>
        <method signature="UserServiceTest.testLoginCheck()[pri:0, instance:com.mz.service.UserServiceTest@2789eebb]" name="testLoginCheck" class="com.mz.service.UserServiceTest"/>
        <method signature="UserServiceTest.testSelectByUsername()[pri:0, instance:com.mz.service.UserServiceTest@2789eebb]" name="testSelectByUsername" class="com.mz.service.UserServiceTest"/>
      </group> <!-- all-test -->
    </groups>
    <test name="Default test" duration-ms="1575" started-at="2014-11-19T09:54:22Z" finished-at="2014-11-19T09:54:23Z">
      <class name="com.mz.service.UserServiceTest">
        <test-method status="PASS" signature="aBeforeClass(org.testng.ITestContext)[pri:0, instance:com.mz.service.UserServiceTest@2789eebb]" name="aBeforeClass" is-config="true" duration-ms="1067" started-at="2014-11-19T17:54:22Z" finished-at="2014-11-19T17:54:23Z">
          <params>
            <param index="0">
              <value>
                <![CDATA[org.testng.TestRunner@9d9347d]]>
              </value>
            </param>
          </params>
          <reporter-output>
          </reporter-output>
        </test-method> <!-- aBeforeClass -->
        <test-method status="PASS" signature="aBeforeMethod(java.lang.reflect.Method)[pri:0, instance:com.mz.service.UserServiceTest@2789eebb]" name="aBeforeMethod" is-config="true" duration-ms="3" started-at="2014-11-19T17:54:23Z" finished-at="2014-11-19T17:54:23Z">
          <params>
            <param index="0">
              <value>
                <![CDATA[public void com.mz.service.UserServiceTest.testAddUser()]]>
              </value>
            </param>
          </params>
          <reporter-output>
          </reporter-output>
        </test-method> <!-- aBeforeMethod -->
        <test-method status="PASS" signature="testAddUser()[pri:0, instance:com.mz.service.UserServiceTest@2789eebb]" name="testAddUser" duration-ms="408" started-at="2014-11-19T17:54:23Z" finished-at="2014-11-19T17:54:23Z">
          <reporter-output>
          </reporter-output>
        </test-method> <!-- testAddUser -->
        <test-method status="PASS" signature="zAfterMethod(java.lang.reflect.Method)[pri:0, instance:com.mz.service.UserServiceTest@2789eebb]" name="zAfterMethod" is-config="true" duration-ms="1" started-at="2014-11-19T17:54:23Z" finished-at="2014-11-19T17:54:23Z">
          <params>
            <param index="0">
              <value>
                <![CDATA[public void com.mz.service.UserServiceTest.testAddUser()]]>
              </value>
            </param>
          </params>
          <reporter-output>
          </reporter-output>
        </test-method> <!-- zAfterMethod -->
        <test-method status="PASS" signature="aBeforeMethod(java.lang.reflect.Method)[pri:0, instance:com.mz.service.UserServiceTest@2789eebb]" name="aBeforeMethod" is-config="true" duration-ms="1" started-at="2014-11-19T17:54:23Z" finished-at="2014-11-19T17:54:23Z">
          <params>
            <param index="0">
              <value>
                <![CDATA[public void com.mz.service.UserServiceTest.testCountUser()]]>
              </value>
            </param>
          </params>
          <reporter-output>
          </reporter-output>
        </test-method> <!-- aBeforeMethod -->
        <test-method status="PASS" signature="testCountUser()[pri:0, instance:com.mz.service.UserServiceTest@2789eebb]" name="testCountUser" duration-ms="15" started-at="2014-11-19T17:54:23Z" finished-at="2014-11-19T17:54:23Z">
          <reporter-output>
          </reporter-output>
        </test-method> <!-- testCountUser -->
        <test-method status="PASS" signature="zAfterMethod(java.lang.reflect.Method)[pri:0, instance:com.mz.service.UserServiceTest@2789eebb]" name="zAfterMethod" is-config="true" duration-ms="1" started-at="2014-11-19T17:54:23Z" finished-at="2014-11-19T17:54:23Z">
          <params>
            <param index="0">
              <value>
                <![CDATA[public void com.mz.service.UserServiceTest.testCountUser()]]>
              </value>
            </param>
          </params>
          <reporter-output>
          </reporter-output>
        </test-method> <!-- zAfterMethod -->
        <test-method status="PASS" signature="aBeforeMethod(java.lang.reflect.Method)[pri:0, instance:com.mz.service.UserServiceTest@2789eebb]" name="aBeforeMethod" is-config="true" duration-ms="0" started-at="2014-11-19T17:54:23Z" finished-at="2014-11-19T17:54:23Z">
          <params>
            <param index="0">
              <value>
                <![CDATA[public void com.mz.service.UserServiceTest.testDeleteUser()]]>
              </value>
            </param>
          </params>
          <reporter-output>
          </reporter-output>
        </test-method> <!-- aBeforeMethod -->
        <test-method status="PASS" signature="testDeleteUser()[pri:0, instance:com.mz.service.UserServiceTest@2789eebb]" name="testDeleteUser" duration-ms="22" started-at="2014-11-19T17:54:23Z" finished-at="2014-11-19T17:54:23Z">
          <reporter-output>
          </reporter-output>
        </test-method> <!-- testDeleteUser -->
        <test-method status="PASS" signature="zAfterMethod(java.lang.reflect.Method)[pri:0, instance:com.mz.service.UserServiceTest@2789eebb]" name="zAfterMethod" is-config="true" duration-ms="0" started-at="2014-11-19T17:54:23Z" finished-at="2014-11-19T17:54:23Z">
          <params>
            <param index="0">
              <value>
                <![CDATA[public void com.mz.service.UserServiceTest.testDeleteUser()]]>
              </value>
            </param>
          </params>
          <reporter-output>
          </reporter-output>
        </test-method> <!-- zAfterMethod -->
        <test-method status="PASS" signature="aBeforeMethod(java.lang.reflect.Method)[pri:0, instance:com.mz.service.UserServiceTest@2789eebb]" name="aBeforeMethod" is-config="true" duration-ms="1" started-at="2014-11-19T17:54:23Z" finished-at="2014-11-19T17:54:23Z">
          <params>
            <param index="0">
              <value>
                <![CDATA[public void com.mz.service.UserServiceTest.testLoginCheck()]]>
              </value>
            </param>
          </params>
          <reporter-output>
          </reporter-output>
        </test-method> <!-- aBeforeMethod -->
        <test-method status="PASS" signature="testLoginCheck()[pri:0, instance:com.mz.service.UserServiceTest@2789eebb]" name="testLoginCheck" duration-ms="18" started-at="2014-11-19T17:54:23Z" finished-at="2014-11-19T17:54:23Z">
          <reporter-output>
          </reporter-output>
        </test-method> <!-- testLoginCheck -->
        <test-method status="PASS" signature="zAfterMethod(java.lang.reflect.Method)[pri:0, instance:com.mz.service.UserServiceTest@2789eebb]" name="zAfterMethod" is-config="true" duration-ms="1" started-at="2014-11-19T17:54:23Z" finished-at="2014-11-19T17:54:23Z">
          <params>
            <param index="0">
              <value>
                <![CDATA[public void com.mz.service.UserServiceTest.testLoginCheck()]]>
              </value>
            </param>
          </params>
          <reporter-output>
          </reporter-output>
        </test-method> <!-- zAfterMethod -->
        <test-method status="PASS" signature="aBeforeMethod(java.lang.reflect.Method)[pri:0, instance:com.mz.service.UserServiceTest@2789eebb]" name="aBeforeMethod" is-config="true" duration-ms="1" started-at="2014-11-19T17:54:23Z" finished-at="2014-11-19T17:54:23Z">
          <params>
            <param index="0">
              <value>
                <![CDATA[public void com.mz.service.UserServiceTest.testSelectByUsername()]]>
              </value>
            </param>
          </params>
          <reporter-output>
          </reporter-output>
        </test-method> <!-- aBeforeMethod -->
        <test-method status="PASS" signature="testSelectByUsername()[pri:0, instance:com.mz.service.UserServiceTest@2789eebb]" name="testSelectByUsername" duration-ms="26" started-at="2014-11-19T17:54:23Z" finished-at="2014-11-19T17:54:23Z">
          <reporter-output>
          </reporter-output>
        </test-method> <!-- testSelectByUsername -->
        <test-method status="PASS" signature="zAfterClass()[pri:0, instance:com.mz.service.UserServiceTest@2789eebb]" name="zAfterClass" is-config="true" duration-ms="2" started-at="2014-11-19T17:54:23Z" finished-at="2014-11-19T17:54:23Z">
          <reporter-output>
          </reporter-output>
        </test-method> <!-- zAfterClass -->
        <test-method status="PASS" signature="zAfterMethod(java.lang.reflect.Method)[pri:0, instance:com.mz.service.UserServiceTest@2789eebb]" name="zAfterMethod" is-config="true" duration-ms="0" started-at="2014-11-19T17:54:23Z" finished-at="2014-11-19T17:54:23Z">
          <params>
            <param index="0">
              <value>
                <![CDATA[public void com.mz.service.UserServiceTest.testSelectByUsername()]]>
              </value>
            </param>
          </params>
          <reporter-output>
          </reporter-output>
        </test-method> <!-- zAfterMethod -->
      </class> <!-- com.mz.service.UserServiceTest -->
    </test> <!-- Default test -->
  </suite> <!-- Default suite -->
</testng-results>
