<?xml version="1.0" encoding="UTF-8"?>
<testng-results skipped="0" failed="0" total="5" passed="5">
  <reporter-output>
  </reporter-output>
  <suite name="Default suite" duration-ms="1496" started-at="2014-11-24T07:42:46Z" finished-at="2014-11-24T07:42:48Z">
    <groups>
      <group name="all-test">
        <method signature="UserServiceTest.testAddUser()[pri:0, instance:com.mz.service.UserServiceTest@50984b44]" name="testAddUser" class="com.mz.service.UserServiceTest"/>
        <method signature="UserServiceTest.testCountUser()[pri:0, instance:com.mz.service.UserServiceTest@50984b44]" name="testCountUser" class="com.mz.service.UserServiceTest"/>
        <method signature="UserServiceTest.testDeleteUser()[pri:0, instance:com.mz.service.UserServiceTest@50984b44]" name="testDeleteUser" class="com.mz.service.UserServiceTest"/>
        <method signature="UserServiceTest.testLoginCheck()[pri:0, instance:com.mz.service.UserServiceTest@50984b44]" name="testLoginCheck" class="com.mz.service.UserServiceTest"/>
        <method signature="UserServiceTest.testSelectByUsername()[pri:0, instance:com.mz.service.UserServiceTest@50984b44]" name="testSelectByUsername" class="com.mz.service.UserServiceTest"/>
      </group> <!-- all-test -->
    </groups>
    <test name="Default test" duration-ms="1496" started-at="2014-11-24T07:42:46Z" finished-at="2014-11-24T07:42:48Z">
      <class name="com.mz.service.UserServiceTest">
        <test-method status="PASS" signature="aBeforeClass(org.testng.ITestContext)[pri:0, instance:com.mz.service.UserServiceTest@50984b44]" name="aBeforeClass" is-config="true" duration-ms="976" started-at="2014-11-24T15:42:46Z" finished-at="2014-11-24T15:42:47Z">
          <params>
            <param index="0">
              <value>
                <![CDATA[org.testng.TestRunner@4bd354f7]]>
              </value>
            </param>
          </params>
          <reporter-output>
          </reporter-output>
        </test-method> <!-- aBeforeClass -->
        <test-method status="PASS" signature="aBeforeMethod(java.lang.reflect.Method)[pri:0, instance:com.mz.service.UserServiceTest@50984b44]" name="aBeforeMethod" is-config="true" duration-ms="3" started-at="2014-11-24T15:42:47Z" finished-at="2014-11-24T15:42:47Z">
          <params>
            <param index="0">
              <value>
                <![CDATA[public void com.mz.service.UserServiceTest.testAddUser()]]>
              </value>
            </param>
          </params>
          <reporter-output>
          </reporter-output>
        </test-method> <!-- aBeforeMethod -->
        <test-method status="PASS" signature="testAddUser()[pri:0, instance:com.mz.service.UserServiceTest@50984b44]" name="testAddUser" duration-ms="422" started-at="2014-11-24T15:42:47Z" finished-at="2014-11-24T15:42:47Z">
          <reporter-output>
          </reporter-output>
        </test-method> <!-- testAddUser -->
        <test-method status="PASS" signature="zAfterMethod(java.lang.reflect.Method)[pri:0, instance:com.mz.service.UserServiceTest@50984b44]" name="zAfterMethod" is-config="true" duration-ms="1" started-at="2014-11-24T15:42:47Z" finished-at="2014-11-24T15:42:47Z">
          <params>
            <param index="0">
              <value>
                <![CDATA[public void com.mz.service.UserServiceTest.testAddUser()]]>
              </value>
            </param>
          </params>
          <reporter-output>
          </reporter-output>
        </test-method> <!-- zAfterMethod -->
        <test-method status="PASS" signature="aBeforeMethod(java.lang.reflect.Method)[pri:0, instance:com.mz.service.UserServiceTest@50984b44]" name="aBeforeMethod" is-config="true" duration-ms="1" started-at="2014-11-24T15:42:47Z" finished-at="2014-11-24T15:42:47Z">
          <params>
            <param index="0">
              <value>
                <![CDATA[public void com.mz.service.UserServiceTest.testCountUser()]]>
              </value>
            </param>
          </params>
          <reporter-output>
          </reporter-output>
        </test-method> <!-- aBeforeMethod -->
        <test-method status="PASS" signature="testCountUser()[pri:0, instance:com.mz.service.UserServiceTest@50984b44]" name="testCountUser" duration-ms="16" started-at="2014-11-24T15:42:47Z" finished-at="2014-11-24T15:42:47Z">
          <reporter-output>
          </reporter-output>
        </test-method> <!-- testCountUser -->
        <test-method status="PASS" signature="zAfterMethod(java.lang.reflect.Method)[pri:0, instance:com.mz.service.UserServiceTest@50984b44]" name="zAfterMethod" is-config="true" duration-ms="0" started-at="2014-11-24T15:42:47Z" finished-at="2014-11-24T15:42:47Z">
          <params>
            <param index="0">
              <value>
                <![CDATA[public void com.mz.service.UserServiceTest.testCountUser()]]>
              </value>
            </param>
          </params>
          <reporter-output>
          </reporter-output>
        </test-method> <!-- zAfterMethod -->
        <test-method status="PASS" signature="aBeforeMethod(java.lang.reflect.Method)[pri:0, instance:com.mz.service.UserServiceTest@50984b44]" name="aBeforeMethod" is-config="true" duration-ms="0" started-at="2014-11-24T15:42:47Z" finished-at="2014-11-24T15:42:47Z">
          <params>
            <param index="0">
              <value>
                <![CDATA[public void com.mz.service.UserServiceTest.testDeleteUser()]]>
              </value>
            </param>
          </params>
          <reporter-output>
          </reporter-output>
        </test-method> <!-- aBeforeMethod -->
        <test-method status="PASS" signature="testDeleteUser()[pri:0, instance:com.mz.service.UserServiceTest@50984b44]" name="testDeleteUser" duration-ms="21" started-at="2014-11-24T15:42:47Z" finished-at="2014-11-24T15:42:48Z">
          <reporter-output>
          </reporter-output>
        </test-method> <!-- testDeleteUser -->
        <test-method status="PASS" signature="zAfterMethod(java.lang.reflect.Method)[pri:0, instance:com.mz.service.UserServiceTest@50984b44]" name="zAfterMethod" is-config="true" duration-ms="0" started-at="2014-11-24T15:42:48Z" finished-at="2014-11-24T15:42:48Z">
          <params>
            <param index="0">
              <value>
                <![CDATA[public void com.mz.service.UserServiceTest.testDeleteUser()]]>
              </value>
            </param>
          </params>
          <reporter-output>
          </reporter-output>
        </test-method> <!-- zAfterMethod -->
        <test-method status="PASS" signature="testLoginCheck()[pri:0, instance:com.mz.service.UserServiceTest@50984b44]" name="testLoginCheck" duration-ms="19" started-at="2014-11-24T15:42:48Z" finished-at="2014-11-24T15:42:48Z">
          <reporter-output>
          </reporter-output>
        </test-method> <!-- testLoginCheck -->
        <test-method status="PASS" signature="aBeforeMethod(java.lang.reflect.Method)[pri:0, instance:com.mz.service.UserServiceTest@50984b44]" name="aBeforeMethod" is-config="true" duration-ms="0" started-at="2014-11-24T15:42:48Z" finished-at="2014-11-24T15:42:48Z">
          <params>
            <param index="0">
              <value>
                <![CDATA[public void com.mz.service.UserServiceTest.testLoginCheck()]]>
              </value>
            </param>
          </params>
          <reporter-output>
          </reporter-output>
        </test-method> <!-- aBeforeMethod -->
        <test-method status="PASS" signature="zAfterMethod(java.lang.reflect.Method)[pri:0, instance:com.mz.service.UserServiceTest@50984b44]" name="zAfterMethod" is-config="true" duration-ms="1" started-at="2014-11-24T15:42:48Z" finished-at="2014-11-24T15:42:48Z">
          <params>
            <param index="0">
              <value>
                <![CDATA[public void com.mz.service.UserServiceTest.testLoginCheck()]]>
              </value>
            </param>
          </params>
          <reporter-output>
          </reporter-output>
        </test-method> <!-- zAfterMethod -->
        <test-method status="PASS" signature="aBeforeMethod(java.lang.reflect.Method)[pri:0, instance:com.mz.service.UserServiceTest@50984b44]" name="aBeforeMethod" is-config="true" duration-ms="1" started-at="2014-11-24T15:42:48Z" finished-at="2014-11-24T15:42:48Z">
          <params>
            <param index="0">
              <value>
                <![CDATA[public void com.mz.service.UserServiceTest.testSelectByUsername()]]>
              </value>
            </param>
          </params>
          <reporter-output>
          </reporter-output>
        </test-method> <!-- aBeforeMethod -->
        <test-method status="PASS" signature="testSelectByUsername()[pri:0, instance:com.mz.service.UserServiceTest@50984b44]" name="testSelectByUsername" duration-ms="24" started-at="2014-11-24T15:42:48Z" finished-at="2014-11-24T15:42:48Z">
          <reporter-output>
          </reporter-output>
        </test-method> <!-- testSelectByUsername -->
        <test-method status="PASS" signature="zAfterMethod(java.lang.reflect.Method)[pri:0, instance:com.mz.service.UserServiceTest@50984b44]" name="zAfterMethod" is-config="true" duration-ms="0" started-at="2014-11-24T15:42:48Z" finished-at="2014-11-24T15:42:48Z">
          <params>
            <param index="0">
              <value>
                <![CDATA[public void com.mz.service.UserServiceTest.testSelectByUsername()]]>
              </value>
            </param>
          </params>
          <reporter-output>
          </reporter-output>
        </test-method> <!-- zAfterMethod -->
        <test-method status="PASS" signature="zAfterClass()[pri:0, instance:com.mz.service.UserServiceTest@50984b44]" name="zAfterClass" is-config="true" duration-ms="2" started-at="2014-11-24T15:42:48Z" finished-at="2014-11-24T15:42:48Z">
          <reporter-output>
          </reporter-output>
        </test-method> <!-- zAfterClass -->
      </class> <!-- com.mz.service.UserServiceTest -->
    </test> <!-- Default test -->
  </suite> <!-- Default suite -->
</testng-results>
