<?xml version="1.0" encoding="UTF-8"?>
<testng-results skipped="0" failed="0" total="1" passed="1">
  <reporter-output>
  </reporter-output>
  <suite name="Default suite" duration-ms="1369" started-at="2014-11-19T08:21:54Z" finished-at="2014-11-19T08:21:55Z">
    <groups>
      <group name="all-test">
        <method signature="TrackerServiceTest.testAlertOffline()[pri:0, instance:com.mz.service.TrackerServiceTest@53c3dcdc]" name="testAlertOffline" class="com.mz.service.TrackerServiceTest"/>
      </group> <!-- all-test -->
    </groups>
    <test name="Default test" duration-ms="1369" started-at="2014-11-19T08:21:54Z" finished-at="2014-11-19T08:21:55Z">
      <class name="com.mz.service.TrackerServiceTest">
        <test-method status="PASS" signature="aBeforeClass(org.testng.ITestContext)[pri:0, instance:com.mz.service.TrackerServiceTest@53c3dcdc]" name="aBeforeClass" is-config="true" duration-ms="981" started-at="2014-11-19T16:21:54Z" finished-at="2014-11-19T16:21:55Z">
          <params>
            <param index="0">
              <value>
                <![CDATA[org.testng.TestRunner@44f686dc]]>
              </value>
            </param>
          </params>
          <reporter-output>
          </reporter-output>
        </test-method> <!-- aBeforeClass -->
        <test-method status="PASS" signature="aBeforeMethod(java.lang.reflect.Method)[pri:0, instance:com.mz.service.TrackerServiceTest@53c3dcdc]" name="aBeforeMethod" is-config="true" duration-ms="2" started-at="2014-11-19T16:21:55Z" finished-at="2014-11-19T16:21:55Z">
          <params>
            <param index="0">
              <value>
                <![CDATA[public void com.mz.service.TrackerServiceTest.testAlertOffline()]]>
              </value>
            </param>
          </params>
          <reporter-output>
          </reporter-output>
        </test-method> <!-- aBeforeMethod -->
        <test-method status="PASS" signature="testAlertOffline()[pri:0, instance:com.mz.service.TrackerServiceTest@53c3dcdc]" name="testAlertOffline" duration-ms="377" started-at="2014-11-19T16:21:55Z" finished-at="2014-11-19T16:21:55Z">
          <reporter-output>
          </reporter-output>
        </test-method> <!-- testAlertOffline -->
        <test-method status="PASS" signature="zAfterClass()[pri:0, instance:com.mz.service.TrackerServiceTest@53c3dcdc]" name="zAfterClass" is-config="true" duration-ms="2" started-at="2014-11-19T16:21:55Z" finished-at="2014-11-19T16:21:55Z">
          <reporter-output>
          </reporter-output>
        </test-method> <!-- zAfterClass -->
        <test-method status="PASS" signature="zAfterMethod(java.lang.reflect.Method)[pri:0, instance:com.mz.service.TrackerServiceTest@53c3dcdc]" name="zAfterMethod" is-config="true" duration-ms="0" started-at="2014-11-19T16:21:55Z" finished-at="2014-11-19T16:21:55Z">
          <params>
            <param index="0">
              <value>
                <![CDATA[public void com.mz.service.TrackerServiceTest.testAlertOffline()]]>
              </value>
            </param>
          </params>
          <reporter-output>
          </reporter-output>
        </test-method> <!-- zAfterMethod -->
      </class> <!-- com.mz.service.TrackerServiceTest -->
    </test> <!-- Default test -->
  </suite> <!-- Default suite -->
</testng-results>
