<?xml version="1.0" encoding="UTF-8"?>
<testng-results skipped="0" failed="0" total="9" passed="9">
  <reporter-output>
  </reporter-output>
  <suite name="Default suite" duration-ms="1663" started-at="2014-12-01T07:50:02Z" finished-at="2014-12-01T07:50:04Z">
    <groups>
      <group name="all-test">
        <method signature="StorageServiceTest.testGetGroupStorages()[pri:0, instance:com.mz.service.StorageServiceTest@279a61ad]" name="testGetGroupStorages" class="com.mz.service.StorageServiceTest"/>
        <method signature="StorageServiceTest.testGetStorage()[pri:0, instance:com.mz.service.StorageServiceTest@279a61ad]" name="testGetStorage" class="com.mz.service.StorageServiceTest"/>
        <method signature="StorageServiceTest.testGetStoragesByGroup()[pri:0, instance:com.mz.service.StorageServiceTest@279a61ad]" name="testGetStoragesByGroup" class="com.mz.service.StorageServiceTest"/>
        <method signature="StorageServiceTest.testGetStoragesLessFreeStorage()[pri:0, instance:com.mz.service.StorageServiceTest@279a61ad]" name="testGetStoragesLessFreeStorage" class="com.mz.service.StorageServiceTest"/>
        <method signature="StorageServiceTest.testGetStoragesNum()[pri:0, instance:com.mz.service.StorageServiceTest@279a61ad]" name="testGetStoragesNum" class="com.mz.service.StorageServiceTest"/>
        <method signature="StorageServiceTest.testGetStoragesOffline()[pri:0, instance:com.mz.service.StorageServiceTest@279a61ad]" name="testGetStoragesOffline" class="com.mz.service.StorageServiceTest"/>
        <method signature="StorageServiceTest.testGetStoragesPeriod1()[pri:0, instance:com.mz.service.StorageServiceTest@279a61ad]" name="testGetStoragesPeriod1" class="com.mz.service.StorageServiceTest"/>
        <method signature="StorageServiceTest.testGetStoragesPeriod7()[pri:0, instance:com.mz.service.StorageServiceTest@279a61ad]" name="testGetStoragesPeriod7" class="com.mz.service.StorageServiceTest"/>
        <method signature="StorageServiceTest.testSetServerThreshold()[pri:0, instance:com.mz.service.StorageServiceTest@279a61ad]" name="testSetServerThreshold" class="com.mz.service.StorageServiceTest"/>
      </group> <!-- all-test -->
    </groups>
    <test name="Default test" duration-ms="1663" started-at="2014-12-01T07:50:02Z" finished-at="2014-12-01T07:50:04Z">
      <class name="com.mz.service.StorageServiceTest">
        <test-method status="PASS" signature="aBeforeClass(org.testng.ITestContext)[pri:0, instance:com.mz.service.StorageServiceTest@279a61ad]" name="aBeforeClass" is-config="true" duration-ms="987" started-at="2014-12-01T15:50:02Z" finished-at="2014-12-01T15:50:03Z">
          <params>
            <param index="0">
              <value>
                <![CDATA[org.testng.TestRunner@4075992d]]>
              </value>
            </param>
          </params>
          <reporter-output>
          </reporter-output>
        </test-method> <!-- aBeforeClass -->
        <test-method status="PASS" signature="aBeforeMethod(java.lang.reflect.Method)[pri:0, instance:com.mz.service.StorageServiceTest@279a61ad]" name="aBeforeMethod" is-config="true" duration-ms="2" started-at="2014-12-01T15:50:03Z" finished-at="2014-12-01T15:50:03Z">
          <params>
            <param index="0">
              <value>
                <![CDATA[public void com.mz.service.StorageServiceTest.testGetGroupStorages() throws java.lang.Exception]]>
              </value>
            </param>
          </params>
          <reporter-output>
          </reporter-output>
        </test-method> <!-- aBeforeMethod -->
        <test-method status="PASS" signature="testGetGroupStorages()[pri:0, instance:com.mz.service.StorageServiceTest@279a61ad]" name="testGetGroupStorages" duration-ms="419" started-at="2014-12-01T15:50:03Z" finished-at="2014-12-01T15:50:04Z">
          <reporter-output>
          </reporter-output>
        </test-method> <!-- testGetGroupStorages -->
        <test-method status="PASS" signature="zAfterMethod(java.lang.reflect.Method)[pri:0, instance:com.mz.service.StorageServiceTest@279a61ad]" name="zAfterMethod" is-config="true" duration-ms="1" started-at="2014-12-01T15:50:04Z" finished-at="2014-12-01T15:50:04Z">
          <params>
            <param index="0">
              <value>
                <![CDATA[public void com.mz.service.StorageServiceTest.testGetGroupStorages() throws java.lang.Exception]]>
              </value>
            </param>
          </params>
          <reporter-output>
          </reporter-output>
        </test-method> <!-- zAfterMethod -->
        <test-method status="PASS" signature="aBeforeMethod(java.lang.reflect.Method)[pri:0, instance:com.mz.service.StorageServiceTest@279a61ad]" name="aBeforeMethod" is-config="true" duration-ms="0" started-at="2014-12-01T15:50:04Z" finished-at="2014-12-01T15:50:04Z">
          <params>
            <param index="0">
              <value>
                <![CDATA[public void com.mz.service.StorageServiceTest.testGetStorage()]]>
              </value>
            </param>
          </params>
          <reporter-output>
          </reporter-output>
        </test-method> <!-- aBeforeMethod -->
        <test-method status="PASS" signature="testGetStorage()[pri:0, instance:com.mz.service.StorageServiceTest@279a61ad]" name="testGetStorage" duration-ms="39" started-at="2014-12-01T15:50:04Z" finished-at="2014-12-01T15:50:04Z">
          <reporter-output>
          </reporter-output>
        </test-method> <!-- testGetStorage -->
        <test-method status="PASS" signature="aBeforeMethod(java.lang.reflect.Method)[pri:0, instance:com.mz.service.StorageServiceTest@279a61ad]" name="aBeforeMethod" is-config="true" duration-ms="1" started-at="2014-12-01T15:50:04Z" finished-at="2014-12-01T15:50:04Z">
          <params>
            <param index="0">
              <value>
                <![CDATA[public void com.mz.service.StorageServiceTest.testGetStoragesByGroup()]]>
              </value>
            </param>
          </params>
          <reporter-output>
          </reporter-output>
        </test-method> <!-- aBeforeMethod -->
        <test-method status="PASS" signature="zAfterMethod(java.lang.reflect.Method)[pri:0, instance:com.mz.service.StorageServiceTest@279a61ad]" name="zAfterMethod" is-config="true" duration-ms="0" started-at="2014-12-01T15:50:04Z" finished-at="2014-12-01T15:50:04Z">
          <params>
            <param index="0">
              <value>
                <![CDATA[public void com.mz.service.StorageServiceTest.testGetStorage()]]>
              </value>
            </param>
          </params>
          <reporter-output>
          </reporter-output>
        </test-method> <!-- zAfterMethod -->
        <test-method status="PASS" signature="testGetStoragesByGroup()[pri:0, instance:com.mz.service.StorageServiceTest@279a61ad]" name="testGetStoragesByGroup" duration-ms="33" started-at="2014-12-01T15:50:04Z" finished-at="2014-12-01T15:50:04Z">
          <reporter-output>
          </reporter-output>
        </test-method> <!-- testGetStoragesByGroup -->
        <test-method status="PASS" signature="aBeforeMethod(java.lang.reflect.Method)[pri:0, instance:com.mz.service.StorageServiceTest@279a61ad]" name="aBeforeMethod" is-config="true" duration-ms="1" started-at="2014-12-01T15:50:04Z" finished-at="2014-12-01T15:50:04Z">
          <params>
            <param index="0">
              <value>
                <![CDATA[public void com.mz.service.StorageServiceTest.testGetStoragesLessFreeStorage() throws java.lang.Exception]]>
              </value>
            </param>
          </params>
          <reporter-output>
          </reporter-output>
        </test-method> <!-- aBeforeMethod -->
        <test-method status="PASS" signature="zAfterMethod(java.lang.reflect.Method)[pri:0, instance:com.mz.service.StorageServiceTest@279a61ad]" name="zAfterMethod" is-config="true" duration-ms="0" started-at="2014-12-01T15:50:04Z" finished-at="2014-12-01T15:50:04Z">
          <params>
            <param index="0">
              <value>
                <![CDATA[public void com.mz.service.StorageServiceTest.testGetStoragesByGroup()]]>
              </value>
            </param>
          </params>
          <reporter-output>
          </reporter-output>
        </test-method> <!-- zAfterMethod -->
        <test-method status="PASS" signature="testGetStoragesLessFreeStorage()[pri:0, instance:com.mz.service.StorageServiceTest@279a61ad]" name="testGetStoragesLessFreeStorage" duration-ms="26" started-at="2014-12-01T15:50:04Z" finished-at="2014-12-01T15:50:04Z">
          <reporter-output>
          </reporter-output>
        </test-method> <!-- testGetStoragesLessFreeStorage -->
        <test-method status="PASS" signature="zAfterMethod(java.lang.reflect.Method)[pri:0, instance:com.mz.service.StorageServiceTest@279a61ad]" name="zAfterMethod" is-config="true" duration-ms="1" started-at="2014-12-01T15:50:04Z" finished-at="2014-12-01T15:50:04Z">
          <params>
            <param index="0">
              <value>
                <![CDATA[public void com.mz.service.StorageServiceTest.testGetStoragesLessFreeStorage() throws java.lang.Exception]]>
              </value>
            </param>
          </params>
          <reporter-output>
          </reporter-output>
        </test-method> <!-- zAfterMethod -->
        <test-method status="PASS" signature="aBeforeMethod(java.lang.reflect.Method)[pri:0, instance:com.mz.service.StorageServiceTest@279a61ad]" name="aBeforeMethod" is-config="true" duration-ms="1" started-at="2014-12-01T15:50:04Z" finished-at="2014-12-01T15:50:04Z">
          <params>
            <param index="0">
              <value>
                <![CDATA[public void com.mz.service.StorageServiceTest.testGetStoragesNum()]]>
              </value>
            </param>
          </params>
          <reporter-output>
          </reporter-output>
        </test-method> <!-- aBeforeMethod -->
        <test-method status="PASS" signature="testGetStoragesNum()[pri:0, instance:com.mz.service.StorageServiceTest@279a61ad]" name="testGetStoragesNum" duration-ms="28" started-at="2014-12-01T15:50:04Z" finished-at="2014-12-01T15:50:04Z">
          <reporter-output>
          </reporter-output>
        </test-method> <!-- testGetStoragesNum -->
        <test-method status="PASS" signature="zAfterMethod(java.lang.reflect.Method)[pri:0, instance:com.mz.service.StorageServiceTest@279a61ad]" name="zAfterMethod" is-config="true" duration-ms="1" started-at="2014-12-01T15:50:04Z" finished-at="2014-12-01T15:50:04Z">
          <params>
            <param index="0">
              <value>
                <![CDATA[public void com.mz.service.StorageServiceTest.testGetStoragesNum()]]>
              </value>
            </param>
          </params>
          <reporter-output>
          </reporter-output>
        </test-method> <!-- zAfterMethod -->
        <test-method status="PASS" signature="testGetStoragesOffline()[pri:0, instance:com.mz.service.StorageServiceTest@279a61ad]" name="testGetStoragesOffline" duration-ms="27" started-at="2014-12-01T15:50:04Z" finished-at="2014-12-01T15:50:04Z">
          <reporter-output>
          </reporter-output>
        </test-method> <!-- testGetStoragesOffline -->
        <test-method status="PASS" signature="aBeforeMethod(java.lang.reflect.Method)[pri:0, instance:com.mz.service.StorageServiceTest@279a61ad]" name="aBeforeMethod" is-config="true" duration-ms="0" started-at="2014-12-01T15:50:04Z" finished-at="2014-12-01T15:50:04Z">
          <params>
            <param index="0">
              <value>
                <![CDATA[public void com.mz.service.StorageServiceTest.testGetStoragesOffline() throws java.lang.Exception]]>
              </value>
            </param>
          </params>
          <reporter-output>
          </reporter-output>
        </test-method> <!-- aBeforeMethod -->
        <test-method status="PASS" signature="zAfterMethod(java.lang.reflect.Method)[pri:0, instance:com.mz.service.StorageServiceTest@279a61ad]" name="zAfterMethod" is-config="true" duration-ms="0" started-at="2014-12-01T15:50:04Z" finished-at="2014-12-01T15:50:04Z">
          <params>
            <param index="0">
              <value>
                <![CDATA[public void com.mz.service.StorageServiceTest.testGetStoragesOffline() throws java.lang.Exception]]>
              </value>
            </param>
          </params>
          <reporter-output>
          </reporter-output>
        </test-method> <!-- zAfterMethod -->
        <test-method status="PASS" signature="aBeforeMethod(java.lang.reflect.Method)[pri:0, instance:com.mz.service.StorageServiceTest@279a61ad]" name="aBeforeMethod" is-config="true" duration-ms="1" started-at="2014-12-01T15:50:04Z" finished-at="2014-12-01T15:50:04Z">
          <params>
            <param index="0">
              <value>
                <![CDATA[public void com.mz.service.StorageServiceTest.testGetStoragesPeriod1() throws java.lang.Exception]]>
              </value>
            </param>
          </params>
          <reporter-output>
          </reporter-output>
        </test-method> <!-- aBeforeMethod -->
        <test-method status="PASS" signature="testGetStoragesPeriod1()[pri:0, instance:com.mz.service.StorageServiceTest@279a61ad]" name="testGetStoragesPeriod1" duration-ms="24" started-at="2014-12-01T15:50:04Z" finished-at="2014-12-01T15:50:04Z">
          <reporter-output>
          </reporter-output>
        </test-method> <!-- testGetStoragesPeriod1 -->
        <test-method status="PASS" signature="zAfterMethod(java.lang.reflect.Method)[pri:0, instance:com.mz.service.StorageServiceTest@279a61ad]" name="zAfterMethod" is-config="true" duration-ms="1" started-at="2014-12-01T15:50:04Z" finished-at="2014-12-01T15:50:04Z">
          <params>
            <param index="0">
              <value>
                <![CDATA[public void com.mz.service.StorageServiceTest.testGetStoragesPeriod1() throws java.lang.Exception]]>
              </value>
            </param>
          </params>
          <reporter-output>
          </reporter-output>
        </test-method> <!-- zAfterMethod -->
        <test-method status="PASS" signature="aBeforeMethod(java.lang.reflect.Method)[pri:0, instance:com.mz.service.StorageServiceTest@279a61ad]" name="aBeforeMethod" is-config="true" duration-ms="0" started-at="2014-12-01T15:50:04Z" finished-at="2014-12-01T15:50:04Z">
          <params>
            <param index="0">
              <value>
                <![CDATA[public void com.mz.service.StorageServiceTest.testGetStoragesPeriod7() throws java.lang.Exception]]>
              </value>
            </param>
          </params>
          <reporter-output>
          </reporter-output>
        </test-method> <!-- aBeforeMethod -->
        <test-method status="PASS" signature="testGetStoragesPeriod7()[pri:0, instance:com.mz.service.StorageServiceTest@279a61ad]" name="testGetStoragesPeriod7" duration-ms="26" started-at="2014-12-01T15:50:04Z" finished-at="2014-12-01T15:50:04Z">
          <reporter-output>
          </reporter-output>
        </test-method> <!-- testGetStoragesPeriod7 -->
        <test-method status="PASS" signature="zAfterMethod(java.lang.reflect.Method)[pri:0, instance:com.mz.service.StorageServiceTest@279a61ad]" name="zAfterMethod" is-config="true" duration-ms="0" started-at="2014-12-01T15:50:04Z" finished-at="2014-12-01T15:50:04Z">
          <params>
            <param index="0">
              <value>
                <![CDATA[public void com.mz.service.StorageServiceTest.testGetStoragesPeriod7() throws java.lang.Exception]]>
              </value>
            </param>
          </params>
          <reporter-output>
          </reporter-output>
        </test-method> <!-- zAfterMethod -->
        <test-method status="PASS" signature="aBeforeMethod(java.lang.reflect.Method)[pri:0, instance:com.mz.service.StorageServiceTest@279a61ad]" name="aBeforeMethod" is-config="true" duration-ms="1" started-at="2014-12-01T15:50:04Z" finished-at="2014-12-01T15:50:04Z">
          <params>
            <param index="0">
              <value>
                <![CDATA[public void com.mz.service.StorageServiceTest.testSetServerThreshold()]]>
              </value>
            </param>
          </params>
          <reporter-output>
          </reporter-output>
        </test-method> <!-- aBeforeMethod -->
        <test-method status="PASS" signature="testSetServerThreshold()[pri:0, instance:com.mz.service.StorageServiceTest@279a61ad]" name="testSetServerThreshold" duration-ms="32" started-at="2014-12-01T15:50:04Z" finished-at="2014-12-01T15:50:04Z">
          <reporter-output>
          </reporter-output>
        </test-method> <!-- testSetServerThreshold -->
        <test-method status="PASS" signature="zAfterMethod(java.lang.reflect.Method)[pri:0, instance:com.mz.service.StorageServiceTest@279a61ad]" name="zAfterMethod" is-config="true" duration-ms="0" started-at="2014-12-01T15:50:04Z" finished-at="2014-12-01T15:50:04Z">
          <params>
            <param index="0">
              <value>
                <![CDATA[public void com.mz.service.StorageServiceTest.testSetServerThreshold()]]>
              </value>
            </param>
          </params>
          <reporter-output>
          </reporter-output>
        </test-method> <!-- zAfterMethod -->
        <test-method status="PASS" signature="zAfterClass()[pri:0, instance:com.mz.service.StorageServiceTest@279a61ad]" name="zAfterClass" is-config="true" duration-ms="1" started-at="2014-12-01T15:50:04Z" finished-at="2014-12-01T15:50:04Z">
          <reporter-output>
          </reporter-output>
        </test-method> <!-- zAfterClass -->
      </class> <!-- com.mz.service.StorageServiceTest -->
    </test> <!-- Default test -->
  </suite> <!-- Default suite -->
</testng-results>
